<?xml version="1.0" encoding="UTF-8"?>
<testsuite xmlns:xsi="http://www.w3.org/2001/XMLSchema-instance" xsi:noNamespaceSchemaLocation="https://maven.apache.org/surefire/maven-surefire-plugin/xsd/surefire-test-report.xsd" name="com.xiyan.mydemo.MydemoApplicationTests" time="7.536" tests="1" errors="0" skipped="0" failures="0">
  <properties>
    <property name="sun.desktop" value="windows"/>
    <property name="awt.toolkit" value="sun.awt.windows.WToolkit"/>
    <property name="file.encoding.pkg" value="sun.io"/>
    <property name="java.specification.version" value="1.8"/>
    <property name="sun.cpu.isalist" value="amd64"/>
    <property name="sun.jnu.encoding" value="GBK"/>
    <property name="java.class.path" value="D:\dev\myprojects\mydemo\target\test-classes;D:\dev\myprojects\mydemo\target\classes;D:\dev\tools\my_maven_repository\org\springframework\boot\spring-boot-starter-thymeleaf\2.3.0.RELEASE\spring-boot-starter-thymeleaf-2.3.0.RELEASE.jar;D:\dev\tools\my_maven_repository\org\springframework\boot\spring-boot-starter\2.3.0.RELEASE\spring-boot-starter-2.3.0.RELEASE.jar;D:\dev\tools\my_maven_repository\org\springframework\boot\spring-boot-starter-logging\2.3.0.RELEASE\spring-boot-starter-logging-2.3.0.RELEASE.jar;D:\dev\tools\my_maven_repository\ch\qos\logback\logback-classic\1.2.3\logback-classic-1.2.3.jar;D:\dev\tools\my_maven_repository\ch\qos\logback\logback-core\1.2.3\logback-core-1.2.3.jar;D:\dev\tools\my_maven_repository\org\apache\logging\log4j\log4j-to-slf4j\2.13.2\log4j-to-slf4j-2.13.2.jar;D:\dev\tools\my_maven_repository\org\apache\logging\log4j\log4j-api\2.13.2\log4j-api-2.13.2.jar;D:\dev\tools\my_maven_repository\org\slf4j\jul-to-slf4j\1.7.30\jul-to-slf4j-1.7.30.jar;D:\dev\tools\my_maven_repository\jakarta\annotation\jakarta.annotation-api\1.3.5\jakarta.annotation-api-1.3.5.jar;D:\dev\tools\my_maven_repository\org\yaml\snakeyaml\1.26\snakeyaml-1.26.jar;D:\dev\tools\my_maven_repository\org\thymeleaf\thymeleaf-spring5\3.0.11.RELEASE\thymeleaf-spring5-3.0.11.RELEASE.jar;D:\dev\tools\my_maven_repository\org\thymeleaf\thymeleaf\3.0.11.RELEASE\thymeleaf-3.0.11.RELEASE.jar;D:\dev\tools\my_maven_repository\org\attoparser\attoparser\2.0.5.RELEASE\attoparser-2.0.5.RELEASE.jar;D:\dev\tools\my_maven_repository\org\unbescape\unbescape\1.1.6.RELEASE\unbescape-1.1.6.RELEASE.jar;D:\dev\tools\my_maven_repository\org\thymeleaf\extras\thymeleaf-extras-java8time\3.0.4.RELEASE\thymeleaf-extras-java8time-3.0.4.RELEASE.jar;D:\dev\tools\my_maven_repository\org\springframework\boot\spring-boot-starter-web\2.3.0.RELEASE\spring-boot-starter-web-2.3.0.RELEASE.jar;D:\dev\tools\my_maven_repository\org\springframework\boot\spring-boot-starter-json\2.3.0.RELEASE\spring-boot-starter-json-2.3.0.RELEASE.jar;D:\dev\tools\my_maven_repository\com\fasterxml\jackson\core\jackson-databind\2.11.0\jackson-databind-2.11.0.jar;D:\dev\tools\my_maven_repository\com\fasterxml\jackson\core\jackson-core\2.11.0\jackson-core-2.11.0.jar;D:\dev\tools\my_maven_repository\com\fasterxml\jackson\datatype\jackson-datatype-jdk8\2.11.0\jackson-datatype-jdk8-2.11.0.jar;D:\dev\tools\my_maven_repository\com\fasterxml\jackson\datatype\jackson-datatype-jsr310\2.11.0\jackson-datatype-jsr310-2.11.0.jar;D:\dev\tools\my_maven_repository\com\fasterxml\jackson\module\jackson-module-parameter-names\2.11.0\jackson-module-parameter-names-2.11.0.jar;D:\dev\tools\my_maven_repository\org\springframework\boot\spring-boot-starter-tomcat\2.3.0.RELEASE\spring-boot-starter-tomcat-2.3.0.RELEASE.jar;D:\dev\tools\my_maven_repository\org\apache\tomcat\embed\tomcat-embed-core\9.0.35\tomcat-embed-core-9.0.35.jar;D:\dev\tools\my_maven_repository\org\glassfish\jakarta.el\3.0.3\jakarta.el-3.0.3.jar;D:\dev\tools\my_maven_repository\org\apache\tomcat\embed\tomcat-embed-websocket\9.0.35\tomcat-embed-websocket-9.0.35.jar;D:\dev\tools\my_maven_repository\org\springframework\spring-web\5.2.6.RELEASE\spring-web-5.2.6.RELEASE.jar;D:\dev\tools\my_maven_repository\org\springframework\spring-beans\5.2.6.RELEASE\spring-beans-5.2.6.RELEASE.jar;D:\dev\tools\my_maven_repository\org\springframework\spring-webmvc\5.2.6.RELEASE\spring-webmvc-5.2.6.RELEASE.jar;D:\dev\tools\my_maven_repository\org\springframework\spring-aop\5.2.6.RELEASE\spring-aop-5.2.6.RELEASE.jar;D:\dev\tools\my_maven_repository\org\springframework\spring-context\5.2.6.RELEASE\spring-context-5.2.6.RELEASE.jar;D:\dev\tools\my_maven_repository\org\springframework\spring-expression\5.2.6.RELEASE\spring-expression-5.2.6.RELEASE.jar;D:\dev\tools\my_maven_repository\org\mybatis\spring\boot\mybatis-spring-boot-starter\2.1.3\mybatis-spring-boot-starter-2.1.3.jar;D:\dev\tools\my_maven_repository\org\springframework\boot\spring-boot-starter-jdbc\2.3.0.RELEASE\spring-boot-starter-jdbc-2.3.0.RELEASE.jar;D:\dev\tools\my_maven_repository\com\zaxxer\HikariCP\3.4.5\HikariCP-3.4.5.jar;D:\dev\tools\my_maven_repository\org\springframework\spring-jdbc\5.2.6.RELEASE\spring-jdbc-5.2.6.RELEASE.jar;D:\dev\tools\my_maven_repository\org\springframework\spring-tx\5.2.6.RELEASE\spring-tx-5.2.6.RELEASE.jar;D:\dev\tools\my_maven_repository\org\mybatis\spring\boot\mybatis-spring-boot-autoconfigure\2.1.3\mybatis-spring-boot-autoconfigure-2.1.3.jar;D:\dev\tools\my_maven_repository\org\mybatis\mybatis\3.5.5\mybatis-3.5.5.jar;D:\dev\tools\my_maven_repository\org\mybatis\mybatis-spring\2.0.5\mybatis-spring-2.0.5.jar;D:\dev\tools\my_maven_repository\org\springframework\boot\spring-boot-devtools\2.3.0.RELEASE\spring-boot-devtools-2.3.0.RELEASE.jar;D:\dev\tools\my_maven_repository\org\springframework\boot\spring-boot\2.3.0.RELEASE\spring-boot-2.3.0.RELEASE.jar;D:\dev\tools\my_maven_repository\org\springframework\boot\spring-boot-autoconfigure\2.3.0.RELEASE\spring-boot-autoconfigure-2.3.0.RELEASE.jar;D:\dev\tools\my_maven_repository\mysql\mysql-connector-java\8.0.20\mysql-connector-java-8.0.20.jar;D:\dev\tools\my_maven_repository\org\projectlombok\lombok\1.18.12\lombok-1.18.12.jar;D:\dev\tools\my_maven_repository\org\springframework\boot\spring-boot-starter-test\2.3.0.RELEASE\spring-boot-starter-test-2.3.0.RELEASE.jar;D:\dev\tools\my_maven_repository\org\springframework\boot\spring-boot-test\2.3.0.RELEASE\spring-boot-test-2.3.0.RELEASE.jar;D:\dev\tools\my_maven_repository\org\springframework\boot\spring-boot-test-autoconfigure\2.3.0.RELEASE\spring-boot-test-autoconfigure-2.3.0.RELEASE.jar;D:\dev\tools\my_maven_repository\com\jayway\jsonpath\json-path\2.4.0\json-path-2.4.0.jar;D:\dev\tools\my_maven_repository\net\minidev\json-smart\2.3\json-smart-2.3.jar;D:\dev\tools\my_maven_repository\net\minidev\accessors-smart\1.2\accessors-smart-1.2.jar;D:\dev\tools\my_maven_repository\org\ow2\asm\asm\5.0.4\asm-5.0.4.jar;D:\dev\tools\my_maven_repository\jakarta\xml\bind\jakarta.xml.bind-api\2.3.3\jakarta.xml.bind-api-2.3.3.jar;D:\dev\tools\my_maven_repository\jakarta\activation\jakarta.activation-api\1.2.2\jakarta.activation-api-1.2.2.jar;D:\dev\tools\my_maven_repository\org\assertj\assertj-core\3.16.1\assertj-core-3.16.1.jar;D:\dev\tools\my_maven_repository\org\hamcrest\hamcrest\2.2\hamcrest-2.2.jar;D:\dev\tools\my_maven_repository\org\junit\jupiter\junit-jupiter\5.6.2\junit-jupiter-5.6.2.jar;D:\dev\tools\my_maven_repository\org\junit\jupiter\junit-jupiter-api\5.6.2\junit-jupiter-api-5.6.2.jar;D:\dev\tools\my_maven_repository\org\apiguardian\apiguardian-api\1.1.0\apiguardian-api-1.1.0.jar;D:\dev\tools\my_maven_repository\org\opentest4j\opentest4j\1.2.0\opentest4j-1.2.0.jar;D:\dev\tools\my_maven_repository\org\junit\platform\junit-platform-commons\1.6.2\junit-platform-commons-1.6.2.jar;D:\dev\tools\my_maven_repository\org\junit\jupiter\junit-jupiter-params\5.6.2\junit-jupiter-params-5.6.2.jar;D:\dev\tools\my_maven_repository\org\junit\jupiter\junit-jupiter-engine\5.6.2\junit-jupiter-engine-5.6.2.jar;D:\dev\tools\my_maven_repository\org\junit\platform\junit-platform-engine\1.6.2\junit-platform-engine-1.6.2.jar;D:\dev\tools\my_maven_repository\org\mockito\mockito-core\3.3.3\mockito-core-3.3.3.jar;D:\dev\tools\my_maven_repository\net\bytebuddy\byte-buddy\1.10.10\byte-buddy-1.10.10.jar;D:\dev\tools\my_maven_repository\net\bytebuddy\byte-buddy-agent\1.10.10\byte-buddy-agent-1.10.10.jar;D:\dev\tools\my_maven_repository\org\objenesis\objenesis\2.6\objenesis-2.6.jar;D:\dev\tools\my_maven_repository\org\mockito\mockito-junit-jupiter\3.3.3\mockito-junit-jupiter-3.3.3.jar;D:\dev\tools\my_maven_repository\org\skyscreamer\jsonassert\1.5.0\jsonassert-1.5.0.jar;D:\dev\tools\my_maven_repository\com\vaadin\external\google\android-json\0.0.20131108.vaadin1\android-json-0.0.20131108.vaadin1.jar;D:\dev\tools\my_maven_repository\org\springframework\spring-core\5.2.6.RELEASE\spring-core-5.2.6.RELEASE.jar;D:\dev\tools\my_maven_repository\org\springframework\spring-jcl\5.2.6.RELEASE\spring-jcl-5.2.6.RELEASE.jar;D:\dev\tools\my_maven_repository\org\springframework\spring-test\5.2.6.RELEASE\spring-test-5.2.6.RELEASE.jar;D:\dev\tools\my_maven_repository\org\xmlunit\xmlunit-core\2.7.0\xmlunit-core-2.7.0.jar;D:\dev\tools\my_maven_repository\io\springfox\springfox-swagger2\2.9.2\springfox-swagger2-2.9.2.jar;D:\dev\tools\my_maven_repository\io\swagger\swagger-annotations\1.5.20\swagger-annotations-1.5.20.jar;D:\dev\tools\my_maven_repository\io\swagger\swagger-models\1.5.20\swagger-models-1.5.20.jar;D:\dev\tools\my_maven_repository\com\fasterxml\jackson\core\jackson-annotations\2.11.0\jackson-annotations-2.11.0.jar;D:\dev\tools\my_maven_repository\io\springfox\springfox-spi\2.9.2\springfox-spi-2.9.2.jar;D:\dev\tools\my_maven_repository\io\springfox\springfox-core\2.9.2\springfox-core-2.9.2.jar;D:\dev\tools\my_maven_repository\io\springfox\springfox-schema\2.9.2\springfox-schema-2.9.2.jar;D:\dev\tools\my_maven_repository\io\springfox\springfox-swagger-common\2.9.2\springfox-swagger-common-2.9.2.jar;D:\dev\tools\my_maven_repository\io\springfox\springfox-spring-web\2.9.2\springfox-spring-web-2.9.2.jar;D:\dev\tools\my_maven_repository\com\google\guava\guava\20.0\guava-20.0.jar;D:\dev\tools\my_maven_repository\com\fasterxml\classmate\1.5.1\classmate-1.5.1.jar;D:\dev\tools\my_maven_repository\org\slf4j\slf4j-api\1.7.30\slf4j-api-1.7.30.jar;D:\dev\tools\my_maven_repository\org\springframework\plugin\spring-plugin-core\1.2.0.RELEASE\spring-plugin-core-1.2.0.RELEASE.jar;D:\dev\tools\my_maven_repository\org\springframework\plugin\spring-plugin-metadata\1.2.0.RELEASE\spring-plugin-metadata-1.2.0.RELEASE.jar;D:\dev\tools\my_maven_repository\org\mapstruct\mapstruct\1.2.0.Final\mapstruct-1.2.0.Final.jar;D:\dev\tools\my_maven_repository\io\springfox\springfox-swagger-ui\2.9.2\springfox-swagger-ui-2.9.2.jar;"/>
    <property name="java.vm.vendor" value="Oracle Corporation"/>
    <property name="sun.arch.data.model" value="64"/>
    <property name="user.variant" value=""/>
    <property name="java.vendor.url" value="http://java.oracle.com/"/>
    <property name="user.timezone" value="Asia/Shanghai"/>
    <property name="java.vm.specification.version" value="1.8"/>
    <property name="os.name" value="Windows 7"/>
    <property name="user.country" value="CN"/>
    <property name="sun.java.launcher" value="SUN_STANDARD"/>
    <property name="sun.boot.library.path" value="D:\dev\java\jre\bin"/>
    <property name="sun.java.command" value="C:\Users\ADMINI~1\AppData\Local\Temp\surefire8119605524411734600\surefirebooter2897208637617220090.jar C:\Users\Administrator\AppData\Local\Temp\surefire8119605524411734600 2020-06-10T16-54-29_513-jvmRun1 surefire4316594952650646553tmp surefire_06482235885980166022tmp"/>
    <property name="surefire.test.class.path" value="D:\dev\myprojects\mydemo\target\test-classes;D:\dev\myprojects\mydemo\target\classes;D:\dev\tools\my_maven_repository\org\springframework\boot\spring-boot-starter-thymeleaf\2.3.0.RELEASE\spring-boot-starter-thymeleaf-2.3.0.RELEASE.jar;D:\dev\tools\my_maven_repository\org\springframework\boot\spring-boot-starter\2.3.0.RELEASE\spring-boot-starter-2.3.0.RELEASE.jar;D:\dev\tools\my_maven_repository\org\springframework\boot\spring-boot-starter-logging\2.3.0.RELEASE\spring-boot-starter-logging-2.3.0.RELEASE.jar;D:\dev\tools\my_maven_repository\ch\qos\logback\logback-classic\1.2.3\logback-classic-1.2.3.jar;D:\dev\tools\my_maven_repository\ch\qos\logback\logback-core\1.2.3\logback-core-1.2.3.jar;D:\dev\tools\my_maven_repository\org\apache\logging\log4j\log4j-to-slf4j\2.13.2\log4j-to-slf4j-2.13.2.jar;D:\dev\tools\my_maven_repository\org\apache\logging\log4j\log4j-api\2.13.2\log4j-api-2.13.2.jar;D:\dev\tools\my_maven_repository\org\slf4j\jul-to-slf4j\1.7.30\jul-to-slf4j-1.7.30.jar;D:\dev\tools\my_maven_repository\jakarta\annotation\jakarta.annotation-api\1.3.5\jakarta.annotation-api-1.3.5.jar;D:\dev\tools\my_maven_repository\org\yaml\snakeyaml\1.26\snakeyaml-1.26.jar;D:\dev\tools\my_maven_repository\org\thymeleaf\thymeleaf-spring5\3.0.11.RELEASE\thymeleaf-spring5-3.0.11.RELEASE.jar;D:\dev\tools\my_maven_repository\org\thymeleaf\thymeleaf\3.0.11.RELEASE\thymeleaf-3.0.11.RELEASE.jar;D:\dev\tools\my_maven_repository\org\attoparser\attoparser\2.0.5.RELEASE\attoparser-2.0.5.RELEASE.jar;D:\dev\tools\my_maven_repository\org\unbescape\unbescape\1.1.6.RELEASE\unbescape-1.1.6.RELEASE.jar;D:\dev\tools\my_maven_repository\org\thymeleaf\extras\thymeleaf-extras-java8time\3.0.4.RELEASE\thymeleaf-extras-java8time-3.0.4.RELEASE.jar;D:\dev\tools\my_maven_repository\org\springframework\boot\spring-boot-starter-web\2.3.0.RELEASE\spring-boot-starter-web-2.3.0.RELEASE.jar;D:\dev\tools\my_maven_repository\org\springframework\boot\spring-boot-starter-json\2.3.0.RELEASE\spring-boot-starter-json-2.3.0.RELEASE.jar;D:\dev\tools\my_maven_repository\com\fasterxml\jackson\core\jackson-databind\2.11.0\jackson-databind-2.11.0.jar;D:\dev\tools\my_maven_repository\com\fasterxml\jackson\core\jackson-core\2.11.0\jackson-core-2.11.0.jar;D:\dev\tools\my_maven_repository\com\fasterxml\jackson\datatype\jackson-datatype-jdk8\2.11.0\jackson-datatype-jdk8-2.11.0.jar;D:\dev\tools\my_maven_repository\com\fasterxml\jackson\datatype\jackson-datatype-jsr310\2.11.0\jackson-datatype-jsr310-2.11.0.jar;D:\dev\tools\my_maven_repository\com\fasterxml\jackson\module\jackson-module-parameter-names\2.11.0\jackson-module-parameter-names-2.11.0.jar;D:\dev\tools\my_maven_repository\org\springframework\boot\spring-boot-starter-tomcat\2.3.0.RELEASE\spring-boot-starter-tomcat-2.3.0.RELEASE.jar;D:\dev\tools\my_maven_repository\org\apache\tomcat\embed\tomcat-embed-core\9.0.35\tomcat-embed-core-9.0.35.jar;D:\dev\tools\my_maven_repository\org\glassfish\jakarta.el\3.0.3\jakarta.el-3.0.3.jar;D:\dev\tools\my_maven_repository\org\apache\tomcat\embed\tomcat-embed-websocket\9.0.35\tomcat-embed-websocket-9.0.35.jar;D:\dev\tools\my_maven_repository\org\springframework\spring-web\5.2.6.RELEASE\spring-web-5.2.6.RELEASE.jar;D:\dev\tools\my_maven_repository\org\springframework\spring-beans\5.2.6.RELEASE\spring-beans-5.2.6.RELEASE.jar;D:\dev\tools\my_maven_repository\org\springframework\spring-webmvc\5.2.6.RELEASE\spring-webmvc-5.2.6.RELEASE.jar;D:\dev\tools\my_maven_repository\org\springframework\spring-aop\5.2.6.RELEASE\spring-aop-5.2.6.RELEASE.jar;D:\dev\tools\my_maven_repository\org\springframework\spring-context\5.2.6.RELEASE\spring-context-5.2.6.RELEASE.jar;D:\dev\tools\my_maven_repository\org\springframework\spring-expression\5.2.6.RELEASE\spring-expression-5.2.6.RELEASE.jar;D:\dev\tools\my_maven_repository\org\mybatis\spring\boot\mybatis-spring-boot-starter\2.1.3\mybatis-spring-boot-starter-2.1.3.jar;D:\dev\tools\my_maven_repository\org\springframework\boot\spring-boot-starter-jdbc\2.3.0.RELEASE\spring-boot-starter-jdbc-2.3.0.RELEASE.jar;D:\dev\tools\my_maven_repository\com\zaxxer\HikariCP\3.4.5\HikariCP-3.4.5.jar;D:\dev\tools\my_maven_repository\org\springframework\spring-jdbc\5.2.6.RELEASE\spring-jdbc-5.2.6.RELEASE.jar;D:\dev\tools\my_maven_repository\org\springframework\spring-tx\5.2.6.RELEASE\spring-tx-5.2.6.RELEASE.jar;D:\dev\tools\my_maven_repository\org\mybatis\spring\boot\mybatis-spring-boot-autoconfigure\2.1.3\mybatis-spring-boot-autoconfigure-2.1.3.jar;D:\dev\tools\my_maven_repository\org\mybatis\mybatis\3.5.5\mybatis-3.5.5.jar;D:\dev\tools\my_maven_repository\org\mybatis\mybatis-spring\2.0.5\mybatis-spring-2.0.5.jar;D:\dev\tools\my_maven_repository\org\springframework\boot\spring-boot-devtools\2.3.0.RELEASE\spring-boot-devtools-2.3.0.RELEASE.jar;D:\dev\tools\my_maven_repository\org\springframework\boot\spring-boot\2.3.0.RELEASE\spring-boot-2.3.0.RELEASE.jar;D:\dev\tools\my_maven_repository\org\springframework\boot\spring-boot-autoconfigure\2.3.0.RELEASE\spring-boot-autoconfigure-2.3.0.RELEASE.jar;D:\dev\tools\my_maven_repository\mysql\mysql-connector-java\8.0.20\mysql-connector-java-8.0.20.jar;D:\dev\tools\my_maven_repository\org\projectlombok\lombok\1.18.12\lombok-1.18.12.jar;D:\dev\tools\my_maven_repository\org\springframework\boot\spring-boot-starter-test\2.3.0.RELEASE\spring-boot-starter-test-2.3.0.RELEASE.jar;D:\dev\tools\my_maven_repository\org\springframework\boot\spring-boot-test\2.3.0.RELEASE\spring-boot-test-2.3.0.RELEASE.jar;D:\dev\tools\my_maven_repository\org\springframework\boot\spring-boot-test-autoconfigure\2.3.0.RELEASE\spring-boot-test-autoconfigure-2.3.0.RELEASE.jar;D:\dev\tools\my_maven_repository\com\jayway\jsonpath\json-path\2.4.0\json-path-2.4.0.jar;D:\dev\tools\my_maven_repository\net\minidev\json-smart\2.3\json-smart-2.3.jar;D:\dev\tools\my_maven_repository\net\minidev\accessors-smart\1.2\accessors-smart-1.2.jar;D:\dev\tools\my_maven_repository\org\ow2\asm\asm\5.0.4\asm-5.0.4.jar;D:\dev\tools\my_maven_repository\jakarta\xml\bind\jakarta.xml.bind-api\2.3.3\jakarta.xml.bind-api-2.3.3.jar;D:\dev\tools\my_maven_repository\jakarta\activation\jakarta.activation-api\1.2.2\jakarta.activation-api-1.2.2.jar;D:\dev\tools\my_maven_repository\org\assertj\assertj-core\3.16.1\assertj-core-3.16.1.jar;D:\dev\tools\my_maven_repository\org\hamcrest\hamcrest\2.2\hamcrest-2.2.jar;D:\dev\tools\my_maven_repository\org\junit\jupiter\junit-jupiter\5.6.2\junit-jupiter-5.6.2.jar;D:\dev\tools\my_maven_repository\org\junit\jupiter\junit-jupiter-api\5.6.2\junit-jupiter-api-5.6.2.jar;D:\dev\tools\my_maven_repository\org\apiguardian\apiguardian-api\1.1.0\apiguardian-api-1.1.0.jar;D:\dev\tools\my_maven_repository\org\opentest4j\opentest4j\1.2.0\opentest4j-1.2.0.jar;D:\dev\tools\my_maven_repository\org\junit\platform\junit-platform-commons\1.6.2\junit-platform-commons-1.6.2.jar;D:\dev\tools\my_maven_repository\org\junit\jupiter\junit-jupiter-params\5.6.2\junit-jupiter-params-5.6.2.jar;D:\dev\tools\my_maven_repository\org\junit\jupiter\junit-jupiter-engine\5.6.2\junit-jupiter-engine-5.6.2.jar;D:\dev\tools\my_maven_repository\org\junit\platform\junit-platform-engine\1.6.2\junit-platform-engine-1.6.2.jar;D:\dev\tools\my_maven_repository\org\mockito\mockito-core\3.3.3\mockito-core-3.3.3.jar;D:\dev\tools\my_maven_repository\net\bytebuddy\byte-buddy\1.10.10\byte-buddy-1.10.10.jar;D:\dev\tools\my_maven_repository\net\bytebuddy\byte-buddy-agent\1.10.10\byte-buddy-agent-1.10.10.jar;D:\dev\tools\my_maven_repository\org\objenesis\objenesis\2.6\objenesis-2.6.jar;D:\dev\tools\my_maven_repository\org\mockito\mockito-junit-jupiter\3.3.3\mockito-junit-jupiter-3.3.3.jar;D:\dev\tools\my_maven_repository\org\skyscreamer\jsonassert\1.5.0\jsonassert-1.5.0.jar;D:\dev\tools\my_maven_repository\com\vaadin\external\google\android-json\0.0.20131108.vaadin1\android-json-0.0.20131108.vaadin1.jar;D:\dev\tools\my_maven_repository\org\springframework\spring-core\5.2.6.RELEASE\spring-core-5.2.6.RELEASE.jar;D:\dev\tools\my_maven_repository\org\springframework\spring-jcl\5.2.6.RELEASE\spring-jcl-5.2.6.RELEASE.jar;D:\dev\tools\my_maven_repository\org\springframework\spring-test\5.2.6.RELEASE\spring-test-5.2.6.RELEASE.jar;D:\dev\tools\my_maven_repository\org\xmlunit\xmlunit-core\2.7.0\xmlunit-core-2.7.0.jar;D:\dev\tools\my_maven_repository\io\springfox\springfox-swagger2\2.9.2\springfox-swagger2-2.9.2.jar;D:\dev\tools\my_maven_repository\io\swagger\swagger-annotations\1.5.20\swagger-annotations-1.5.20.jar;D:\dev\tools\my_maven_repository\io\swagger\swagger-models\1.5.20\swagger-models-1.5.20.jar;D:\dev\tools\my_maven_repository\com\fasterxml\jackson\core\jackson-annotations\2.11.0\jackson-annotations-2.11.0.jar;D:\dev\tools\my_maven_repository\io\springfox\springfox-spi\2.9.2\springfox-spi-2.9.2.jar;D:\dev\tools\my_maven_repository\io\springfox\springfox-core\2.9.2\springfox-core-2.9.2.jar;D:\dev\tools\my_maven_repository\io\springfox\springfox-schema\2.9.2\springfox-schema-2.9.2.jar;D:\dev\tools\my_maven_repository\io\springfox\springfox-swagger-common\2.9.2\springfox-swagger-common-2.9.2.jar;D:\dev\tools\my_maven_repository\io\springfox\springfox-spring-web\2.9.2\springfox-spring-web-2.9.2.jar;D:\dev\tools\my_maven_repository\com\google\guava\guava\20.0\guava-20.0.jar;D:\dev\tools\my_maven_repository\com\fasterxml\classmate\1.5.1\classmate-1.5.1.jar;D:\dev\tools\my_maven_repository\org\slf4j\slf4j-api\1.7.30\slf4j-api-1.7.30.jar;D:\dev\tools\my_maven_repository\org\springframework\plugin\spring-plugin-core\1.2.0.RELEASE\spring-plugin-core-1.2.0.RELEASE.jar;D:\dev\tools\my_maven_repository\org\springframework\plugin\spring-plugin-metadata\1.2.0.RELEASE\spring-plugin-metadata-1.2.0.RELEASE.jar;D:\dev\tools\my_maven_repository\org\mapstruct\mapstruct\1.2.0.Final\mapstruct-1.2.0.Final.jar;D:\dev\tools\my_maven_repository\io\springfox\springfox-swagger-ui\2.9.2\springfox-swagger-ui-2.9.2.jar;"/>
    <property name="sun.cpu.endian" value="little"/>
    <property name="user.home" value="C:\Users\Administrator"/>
    <property name="user.language" value="zh"/>
    <property name="java.specification.vendor" value="Oracle Corporation"/>
    <property name="java.home" value="D:\dev\java\jre"/>
    <property name="basedir" value="D:\dev\myprojects\mydemo"/>
    <property name="file.separator" value="\"/>
    <property name="line.separator" value="&#10;"/>
    <property name="java.vm.specification.vendor" value="Oracle Corporation"/>
    <property name="java.specification.name" value="Java Platform API Specification"/>
    <property name="java.awt.graphicsenv" value="sun.awt.Win32GraphicsEnvironment"/>
    <property name="idea.version2020.1.2" value="true"/>
    <property name="surefire.real.class.path" value="C:\Users\ADMINI~1\AppData\Local\Temp\surefire8119605524411734600\surefirebooter2897208637617220090.jar"/>
    <property name="sun.boot.class.path" value="D:\dev\java\jre\lib\resources.jar;D:\dev\java\jre\lib\rt.jar;D:\dev\java\jre\lib\sunrsasign.jar;D:\dev\java\jre\lib\jsse.jar;D:\dev\java\jre\lib\jce.jar;D:\dev\java\jre\lib\charsets.jar;D:\dev\java\jre\lib\jfr.jar;D:\dev\java\jre\classes"/>
    <property name="user.script" value=""/>
    <property name="sun.management.compiler" value="HotSpot 64-Bit Tiered Compilers"/>
    <property name="java.runtime.version" value="1.8.0_221-b11"/>
    <property name="user.name" value="Administrator"/>
    <property name="path.separator" value=";"/>
    <property name="os.version" value="6.1"/>
    <property name="java.endorsed.dirs" value="D:\dev\java\jre\lib\endorsed"/>
    <property name="java.runtime.name" value="Java(TM) SE Runtime Environment"/>
    <property name="file.encoding" value="GBK"/>
    <property name="java.vm.name" value="Java HotSpot(TM) 64-Bit Server VM"/>
    <property name="localRepository" value="D:\dev\tools\my_maven_repository"/>
    <property name="java.vendor.url.bug" value="http://bugreport.sun.com/bugreport/"/>
    <property name="java.io.tmpdir" value="C:\Users\ADMINI~1\AppData\Local\Temp\"/>
    <property name="java.version" value="1.8.0_221"/>
    <property name="user.dir" value="D:\dev\myprojects\mydemo"/>
    <property name="os.arch" value="amd64"/>
    <property name="java.vm.specification.name" value="Java Virtual Machine Specification"/>
    <property name="java.awt.printerjob" value="sun.awt.windows.WPrinterJob"/>
    <property name="sun.os.patch.level" value="Service Pack 1"/>
    <property name="java.library.path" value="D:\dev\java\jre\bin;C:\Windows\Sun\Java\bin;C:\Windows\system32;C:\Windows;C:\Program Files (x86)\Common Files\Oracle\Java\javapath;C:\Windows\system32;C:\Windows;C:\Windows\System32\Wbem;C:\Windows\System32\WindowsPowerShell\v1.0\;C:\Program Files\nodejs\;C:\Program Files\Git\cmd;D:\dev\java\bin;D:\dev\tools\apache-tomcat-9.0.35\lib;D:\dev\tools\apache-tomcat-9.0.35\lib\servlet-api.jar;D:\dev\tools\apache-tomcat-9.0.35\lib\jsp-api.jar;C:\Program Files\TortoiseGit\bin;D:\dev\tools\apache-maven-3.6.3\bin;D:\dev\tools\mysql-5.7.30\bin;C:\Program Files\Bandizip\;D:\VScode\Microsoft VS Code\bin;C:\Users\Administrator\AppData\Roaming\npm;."/>
    <property name="java.vm.info" value="mixed mode"/>
    <property name="java.vendor" value="Oracle Corporation"/>
    <property name="java.vm.version" value="25.221-b11"/>
    <property name="java.ext.dirs" value="D:\dev\java\jre\lib\ext;C:\Windows\Sun\Java\lib\ext"/>
    <property name="sun.io.unicode.encoding" value="UnicodeLittle"/>
    <property name="java.class.version" value="52.0"/>
  </properties>
  <testcase name="contextLoads" classname="com.xiyan.mydemo.MydemoApplicationTests" time="0.707"/>
</testsuite>